[2019-05-08T21:02:50.527] [INFO] default - GET /about 200 142 ms
[2019-05-08T21:02:50.541] [INFO] default - GET /_next/static/THcTqrCVptplJj1-Fdw8t/pages/about.js 200 6 ms
[2019-05-08T21:02:50.543] [INFO] default - GET /_next/static/THcTqrCVptplJj1-Fdw8t/pages/_app.js 200 7 ms
[2019-05-08T21:02:50.543] [INFO] default - GET /_next/static/css/static/THcTqrCVptplJj1-Fdw8t/pages/about.js.444db8e1.chunk.css 200 4 ms
[2019-05-08T21:02:51.373] [INFO] default - GET /about 304 2 ms
[2019-05-08T21:02:51.385] [INFO] default - GET /_next/static/css/static/THcTqrCVptplJj1-Fdw8t/pages/about.js.444db8e1.chunk.css 304 1 ms
[2019-05-08T21:02:54.418] [INFO] default - GET / 200 145 ms
[2019-05-08T21:02:54.431] [INFO] default - GET /_next/static/THcTqrCVptplJj1-Fdw8t/pages/index.js 200 1 ms
[2019-05-08T21:02:54.433] [INFO] default - GET /_next/static/css/static/THcTqrCVptplJj1-Fdw8t/pages/index.js.a16bcaff.chunk.css 200 2 ms
[2019-05-08T21:07:19.310] [INFO] default - GET / 304 287 ms
[2019-05-08T21:07:19.328] [INFO] default - GET /_next/static/css/static/THcTqrCVptplJj1-Fdw8t/pages/index.js.a16bcaff.chunk.css 304 2 ms
[2019-05-08T21:08:58.390] [INFO] default - GET / 304 268 ms
[2019-05-08T21:08:58.404] [INFO] default - GET /_next/static/css/static/THcTqrCVptplJj1-Fdw8t/pages/index.js.a16bcaff.chunk.css 304 3 ms
[2019-05-08T21:08:59.555] [INFO] default - GET / 304 206 ms
[2019-05-08T21:08:59.564] [INFO] default - GET /_next/static/css/static/THcTqrCVptplJj1-Fdw8t/pages/index.js.a16bcaff.chunk.css 304 0 ms
[2019-05-08T21:09:15.768] [INFO] default - GET / 304 2171 ms
[2019-05-08T21:09:15.794] [INFO] default - GET /_next/static/css/static/THcTqrCVptplJj1-Fdw8t/pages/index.js.a16bcaff.chunk.css 304 1 ms
[2019-05-08T21:09:17.366] [INFO] default - GET / 304 107 ms
[2019-05-08T21:09:17.377] [INFO] default - GET /_next/static/css/static/THcTqrCVptplJj1-Fdw8t/pages/index.js.a16bcaff.chunk.css 304 1 ms
[2019-05-08T21:10:01.844] [INFO] default - GET / 200 1946 ms
[2019-05-08T21:10:01.859] [INFO] default - GET /_next/static/runtime/webpack.js?ts=1557321001840 200 5 ms
[2019-05-08T21:10:01.861] [INFO] default - GET /_next/static/css/static/development/pages/index.js.chunk.css 200 4 ms
[2019-05-08T21:10:01.873] [INFO] default - GET /_next/static/development/pages/index.js?ts=1557321001840 200 21 ms
[2019-05-08T21:10:01.874] [INFO] default - GET /_next/static/development/pages/_app.js?ts=1557321001840 200 21 ms
[2019-05-08T21:10:01.877] [INFO] default - GET /_next/static/css/static/development/pages/index.js.chunk.css.map 200 4 ms
[2019-05-08T21:10:01.877] [INFO] default - GET /_next/static/runtime/main.js?ts=1557321001840 200 21 ms
[2019-05-08T21:10:01.878] [INFO] default - GET /_next/static/development/dll/dll_aa8f31c0c93a8f34edc5.js?ts=1557321001840 200 21 ms
[2019-05-08T21:10:01.898] [INFO] default - GET /_next/static/runtime/webpack.js.map 200 2 ms
[2019-05-08T21:10:01.917] [INFO] default - GET /_next/static/development/pages/index.js.map 200 3 ms
[2019-05-08T21:10:01.960] [INFO] default - GET /_next/static/runtime/main.js.map 200 4 ms
[2019-05-08T21:10:01.974] [INFO] default - GET /_next/static/chunks/0.js 200 0 ms
[2019-05-08T21:10:02.021] [INFO] default - GET /_next/static/development/pages/_app.js.map 200 8 ms
[2019-05-08T21:10:02.024] [INFO] default - GET /_next/static/chunks/0.js.map 200 0 ms
[2019-05-08T21:10:03.646] [INFO] default - GET / 200 110 ms
[2019-05-08T21:10:03.651] [INFO] default - GET /_next/webpack-hmr 200 1635 ms
[2019-05-08T21:10:03.657] [INFO] default - GET /_next/static/runtime/webpack.js?ts=1557321003645 200 2 ms
[2019-05-08T21:10:03.661] [INFO] default - GET /_next/static/css/static/development/pages/index.js.chunk.css 304 1 ms
[2019-05-08T21:10:03.664] [INFO] default - GET /_next/static/development/pages/index.js?ts=1557321003645 200 8 ms
[2019-05-08T21:10:03.665] [INFO] default - GET /_next/static/development/pages/_app.js?ts=1557321003645 200 10 ms
[2019-05-08T21:10:03.669] [INFO] default - GET /_next/static/runtime/main.js?ts=1557321003645 200 11 ms
[2019-05-08T21:10:03.670] [INFO] default - GET /_next/static/development/dll/dll_aa8f31c0c93a8f34edc5.js?ts=1557321003645 200 11 ms
[2019-05-08T21:10:03.676] [INFO] default - GET /_next/static/css/static/development/pages/index.js.chunk.css.map 304 0 ms
[2019-05-08T21:10:03.694] [INFO] default - GET /_next/static/runtime/webpack.js.map 200 1 ms
[2019-05-08T21:10:03.720] [INFO] default - GET /_next/static/development/pages/index.js.map 200 3 ms
[2019-05-08T21:10:03.746] [INFO] default - GET /_next/static/development/pages/_app.js.map 200 4 ms
[2019-05-08T21:10:03.778] [INFO] default - GET /_next/static/runtime/main.js.map 200 4 ms
[2019-05-08T21:10:03.798] [INFO] default - GET /_next/static/chunks/0.js 200 1 ms
[2019-05-08T21:10:03.827] [INFO] default - GET /_next/static/chunks/0.js.map 200 1 ms
[2019-05-08T21:10:21.279] [INFO] default - GET /_next/on-demand-entries-ping?page=/ 404 148 ms
[2019-05-08T21:10:25.835] [INFO] default - GET /_next/webpack-hmr 404 2 ms
[2019-05-08T21:10:26.281] [INFO] default - GET /_next/on-demand-entries-ping?page=/ 404 2 ms
[2019-05-08T21:10:31.287] [INFO] default - GET /_next/on-demand-entries-ping?page=/ 404 2 ms
[2019-05-08T21:10:34.432] [INFO] default - GET / 200 8546 ms
[2019-05-08T21:10:34.448] [INFO] default - GET /_next/static/9aiXId-lJxwKPTolIcnBi/pages/index.js 200 5 ms
[2019-05-08T21:10:34.450] [INFO] default - GET /_next/static/9aiXId-lJxwKPTolIcnBi/pages/_app.js 200 7 ms
[2019-05-08T21:10:34.450] [INFO] default - GET /_next/static/css/static/9aiXId-lJxwKPTolIcnBi/pages/index.js.a16bcaff.chunk.css 200 1 ms
[2019-05-08T21:10:35.812] [INFO] default - GET / 304 90 ms
[2019-05-08T21:10:35.826] [INFO] default - GET /_next/static/css/static/9aiXId-lJxwKPTolIcnBi/pages/index.js.a16bcaff.chunk.css 304 1 ms
[2019-05-08T21:10:48.077] [INFO] default - GET / 304 2102 ms
[2019-05-08T21:10:48.094] [INFO] default - GET /_next/static/css/static/9aiXId-lJxwKPTolIcnBi/pages/index.js.a16bcaff.chunk.css 304 3 ms
[2019-05-08T21:10:49.493] [INFO] default - GET / 304 102 ms
[2019-05-08T21:10:49.503] [INFO] default - GET /_next/static/css/static/9aiXId-lJxwKPTolIcnBi/pages/index.js.a16bcaff.chunk.css 304 0 ms
[2019-05-08T21:11:09.295] [INFO] default - GET / 304 88 ms
[2019-05-08T21:11:09.309] [INFO] default - GET /_next/static/css/static/9aiXId-lJxwKPTolIcnBi/pages/index.js.a16bcaff.chunk.css 304 1 ms
[2019-05-08T21:12:19.331] [INFO] default - GET / 304 290 ms
[2019-05-08T21:12:19.345] [INFO] default - GET /_next/static/css/static/9aiXId-lJxwKPTolIcnBi/pages/index.js.a16bcaff.chunk.css 304 2 ms
[2019-05-08T21:12:28.872] [INFO] default - GET /about 200 5 ms
[2019-05-08T21:12:28.883] [INFO] default - GET /_next/static/9aiXId-lJxwKPTolIcnBi/pages/about.js 200 3 ms
[2019-05-08T21:12:28.887] [INFO] default - GET /_next/static/css/static/9aiXId-lJxwKPTolIcnBi/pages/about.js.444db8e1.chunk.css 200 2 ms
[2019-05-08T21:12:41.797] [INFO] default - GET /about 304 3 ms
[2019-05-08T21:12:41.814] [INFO] default - GET /_next/static/css/static/9aiXId-lJxwKPTolIcnBi/pages/about.js.444db8e1.chunk.css 304 0 ms
[2019-05-08T21:12:42.717] [INFO] default - GET /about 304 2 ms
[2019-05-08T21:12:42.729] [INFO] default - GET /_next/static/css/static/9aiXId-lJxwKPTolIcnBi/pages/about.js.444db8e1.chunk.css 304 0 ms
[2019-05-08T21:12:45.405] [INFO] default - GET /about 304 3 ms
[2019-05-08T21:12:45.414] [INFO] default - GET /_next/static/css/static/9aiXId-lJxwKPTolIcnBi/pages/about.js.444db8e1.chunk.css 304 1 ms
[2019-05-08T21:14:48.520] [INFO] default - GET /about 304 193 ms
[2019-05-08T21:14:48.551] [INFO] default - GET /_next/static/css/static/9aiXId-lJxwKPTolIcnBi/pages/about.js.444db8e1.chunk.css 304 3 ms
[2019-05-08T21:14:51.797] [INFO] default - GET / 304 141 ms
[2019-05-08T21:14:51.810] [INFO] default - GET /_next/static/css/static/9aiXId-lJxwKPTolIcnBi/pages/index.js.a16bcaff.chunk.css 304 0 ms
[2019-05-08T21:14:52.860] [INFO] default - GET /about 304 2 ms
[2019-05-08T21:14:52.873] [INFO] default - GET /_next/static/css/static/9aiXId-lJxwKPTolIcnBi/pages/about.js.444db8e1.chunk.css 304 0 ms
[2019-05-08T21:14:55.726] [INFO] default - GET /other 200 4 ms
[2019-05-08T21:14:55.740] [INFO] default - GET /_next/static/9aiXId-lJxwKPTolIcnBi/pages/other.js 200 3 ms
[2019-05-08T21:14:55.742] [INFO] default - GET /_next/static/css/static/9aiXId-lJxwKPTolIcnBi/pages/other.js.47d1afb1.chunk.css 200 1 ms
[2019-05-08T21:14:59.029] [INFO] default - GET /other3 404 7 ms
[2019-05-08T21:14:59.068] [INFO] default - GET /_next/static/9aiXId-lJxwKPTolIcnBi/pages/_error.js 200 2 ms
[2019-05-08T21:15:00.948] [INFO] default - GET /other3 404 2 ms
[2019-05-08T21:22:24.452] [INFO] default - GET /other3 404 607 ms
[2019-05-08T21:22:24.487] [INFO] default - GET /_next/static/runtime/webpack.js?ts=1557321744447 200 10 ms
[2019-05-08T21:22:24.496] [INFO] default - GET /_next/static/development/pages/_app.js?ts=1557321744447 200 22 ms
[2019-05-08T21:22:24.498] [INFO] default - GET /_next/static/runtime/main.js?ts=1557321744447 200 21 ms
[2019-05-08T21:22:24.499] [INFO] default - GET /_next/static/development/dll/dll_aa8f31c0c93a8f34edc5.js?ts=1557321744447 200 22 ms
[2019-05-08T21:22:24.516] [INFO] default - GET /_next/static/runtime/webpack.js.map 200 1 ms
[2019-05-08T21:22:24.571] [INFO] default - GET /_next/static/runtime/main.js.map 200 5 ms
[2019-05-08T21:22:24.581] [INFO] default - GET /_next/static/chunks/0.js 200 1 ms
[2019-05-08T21:22:24.607] [INFO] default - GET /_next/static/development/pages/_error.js 200 3 ms
[2019-05-08T21:22:24.612] [INFO] default - GET /_next/static/development/pages/_app.js.map 200 4 ms
[2019-05-08T21:22:24.620] [INFO] default - GET /_next/static/chunks/0.js.map 200 0 ms
[2019-05-08T21:22:24.644] [INFO] default - GET /_next/static/development/pages/_error.js.map 200 2 ms
[2019-05-08T21:22:24.658] [INFO] default - GET /other3 404 4 ms
[2019-05-08T21:22:27.268] [INFO] default - GET /other 200 1120 ms
[2019-05-08T21:22:27.269] [INFO] default - GET /_next/static/webpack/1ed60e36e3ae964d0907.hot-update.json 200 120 ms
[2019-05-08T21:22:27.306] [INFO] default - GET /_next/webpack-hmr 200 2723 ms
[2019-05-08T21:22:27.313] [INFO] default - GET /_next/static/development/pages/other.js?ts=1557321747266 200 3 ms
[2019-05-08T21:22:27.316] [INFO] default - GET /_next/static/runtime/webpack.js?ts=1557321747266 200 4 ms
[2019-05-08T21:22:27.318] [INFO] default - GET /_next/static/css/static/development/pages/other.js.chunk.css 200 3 ms
[2019-05-08T21:22:27.322] [INFO] default - GET /_next/static/development/pages/_app.js?ts=1557321747266 200 12 ms
[2019-05-08T21:22:27.325] [INFO] default - GET /_next/static/runtime/main.js?ts=1557321747266 200 11 ms
[2019-05-08T21:22:27.328] [INFO] default - GET /_next/static/development/dll/dll_aa8f31c0c93a8f34edc5.js?ts=1557321747266 200 12 ms
[2019-05-08T21:22:27.332] [INFO] default - GET /_next/static/css/static/development/pages/other.js.chunk.css.map 200 1 ms
[2019-05-08T21:22:27.349] [INFO] default - GET /_next/static/development/pages/other.js.map 200 1 ms
[2019-05-08T21:22:27.350] [INFO] default - GET /_next/static/runtime/webpack.js.map 200 1 ms
[2019-05-08T21:22:27.403] [INFO] default - GET /_next/static/runtime/main.js.map 200 6 ms
[2019-05-08T21:22:27.412] [INFO] default - GET /_next/static/chunks/0.js 200 1 ms
[2019-05-08T21:22:27.456] [INFO] default - GET /_next/static/development/pages/_app.js.map 200 3 ms
[2019-05-08T21:22:27.463] [INFO] default - GET /_next/static/chunks/0.js.map 200 1 ms
[2019-05-08T21:22:29.854] [INFO] default - GET /_next/static/webpack/396dad6a0d288666d89a.hot-update.json 200 1 ms
[2019-05-08T21:22:29.974] [INFO] default - GET / 200 891 ms
[2019-05-08T21:22:29.978] [INFO] default - GET /_next/webpack-hmr 200 2565 ms
[2019-05-08T21:22:29.985] [INFO] default - GET /_next/static/runtime/webpack.js?ts=1557321749973 200 2 ms
[2019-05-08T21:22:29.987] [INFO] default - GET /_next/static/css/static/development/pages/index.js.chunk.css 200 3 ms
[2019-05-08T21:22:29.992] [INFO] default - GET /_next/static/development/pages/index.js?ts=1557321749973 200 10 ms
[2019-05-08T21:22:29.993] [INFO] default - GET /_next/static/development/pages/_app.js?ts=1557321749973 200 10 ms
[2019-05-08T21:22:29.996] [INFO] default - GET /_next/static/runtime/main.js?ts=1557321749973 200 10 ms
[2019-05-08T21:22:29.997] [INFO] default - GET /_next/static/development/dll/dll_aa8f31c0c93a8f34edc5.js?ts=1557321749973 200 11 ms
[2019-05-08T21:22:30.002] [INFO] default - GET /_next/static/css/static/development/pages/index.js.chunk.css.map 200 1 ms
[2019-05-08T21:22:30.020] [INFO] default - GET /_next/static/runtime/webpack.js.map 200 1 ms
[2019-05-08T21:22:30.040] [INFO] default - GET /_next/static/development/pages/index.js.map 200 4 ms
[2019-05-08T21:22:30.082] [INFO] default - GET /_next/static/runtime/main.js.map 200 3 ms
[2019-05-08T21:22:30.096] [INFO] default - GET /_next/static/chunks/0.js 200 1 ms
[2019-05-08T21:22:30.141] [INFO] default - GET /_next/static/development/pages/_app.js.map 200 8 ms
[2019-05-08T21:22:30.144] [INFO] default - GET /_next/static/chunks/0.js.map 200 1 ms
[2019-05-08T21:22:31.645] [INFO] default - GET /about 200 551 ms
[2019-05-08T21:22:31.646] [INFO] default - GET /_next/static/webpack/04e310fe76c4442482e6.hot-update.json 200 115 ms
[2019-05-08T21:22:31.678] [INFO] default - GET /_next/webpack-hmr 200 1542 ms
[2019-05-08T21:22:31.685] [INFO] default - GET /_next/static/development/pages/about.js?ts=1557321751644 200 3 ms
[2019-05-08T21:22:31.687] [INFO] default - GET /_next/static/runtime/webpack.js?ts=1557321751644 200 3 ms
[2019-05-08T21:22:31.688] [INFO] default - GET /_next/static/css/static/development/pages/about.js.chunk.css 200 2 ms
[2019-05-08T21:22:31.692] [INFO] default - GET /_next/static/development/pages/_app.js?ts=1557321751644 200 10 ms
[2019-05-08T21:22:31.694] [INFO] default - GET /_next/static/runtime/main.js?ts=1557321751644 200 9 ms
[2019-05-08T21:22:31.695] [INFO] default - GET /_next/static/development/dll/dll_aa8f31c0c93a8f34edc5.js?ts=1557321751644 200 9 ms
[2019-05-08T21:22:31.702] [INFO] default - GET /_next/static/css/static/development/pages/about.js.chunk.css.map 200 0 ms
[2019-05-08T21:22:31.720] [INFO] default - GET /_next/static/development/pages/about.js.map 200 1 ms
[2019-05-08T21:22:31.721] [INFO] default - GET /_next/static/runtime/webpack.js.map 200 1 ms
[2019-05-08T21:22:31.770] [INFO] default - GET /_next/static/runtime/main.js.map 200 4 ms
[2019-05-08T21:22:31.779] [INFO] default - GET /_next/static/chunks/0.js 200 1 ms
[2019-05-08T21:22:31.823] [INFO] default - GET /_next/static/chunks/0.js.map 200 1 ms
[2019-05-08T21:22:31.824] [INFO] default - GET /_next/static/development/pages/_app.js.map 200 4 ms
[2019-05-08T21:39:41.474] [INFO] default - GET /about 200 1157 ms
[2019-05-08T21:39:41.524] [INFO] default - GET /_next/static/runtime/webpack.js?ts=1557322781469 200 11 ms
[2019-05-08T21:39:41.528] [INFO] default - GET /_next/static/css/static/development/pages/about.js.chunk.css 200 11 ms
[2019-05-08T21:39:41.539] [INFO] default - GET /_next/static/development/pages/about.js?ts=1557322781469 200 33 ms
[2019-05-08T21:39:41.547] [INFO] default - GET /_next/static/development/pages/_app.js?ts=1557322781469 200 39 ms
[2019-05-08T21:39:41.550] [INFO] default - GET /_next/static/runtime/main.js?ts=1557322781469 200 38 ms
[2019-05-08T21:39:41.555] [INFO] default - GET /_next/static/development/dll/dll_aa8f31c0c93a8f34edc5.js?ts=1557322781469 200 38 ms
[2019-05-08T21:39:41.556] [INFO] default - GET /_next/static/css/static/development/pages/about.js.chunk.css.map 200 2 ms
[2019-05-08T21:39:41.575] [INFO] default - GET /_next/static/development/pages/about.js.map 200 2 ms
[2019-05-08T21:39:41.575] [INFO] default - GET /_next/static/runtime/webpack.js.map 200 1 ms
[2019-05-08T21:39:41.629] [INFO] default - GET /_next/static/runtime/main.js.map 200 4 ms
[2019-05-08T21:39:41.639] [INFO] default - GET /_next/static/chunks/0.js 200 1 ms
[2019-05-08T21:39:41.668] [INFO] default - GET /_next/static/development/pages/_app.js.map 200 4 ms
[2019-05-08T21:39:41.691] [INFO] default - GET /_next/static/chunks/0.js.map 200 0 ms
[2019-05-08T21:39:51.014] [INFO] default - GET /about 200 3 ms
[2019-05-08T21:39:51.018] [INFO] default - GET /_next/webpack-hmr 200 9377 ms
[2019-05-08T21:39:51.024] [INFO] default - GET /_next/static/development/pages/about.js?ts=1557322791013 200 2 ms
[2019-05-08T21:39:51.027] [INFO] default - GET /_next/static/css/static/development/pages/about.js.chunk.css 304 2 ms
[2019-05-08T21:39:51.028] [INFO] default - GET /_next/static/runtime/webpack.js?ts=1557322791013 200 4 ms
[2019-05-08T21:39:51.034] [INFO] default - GET /_next/static/development/pages/_app.js?ts=1557322791013 200 11 ms
[2019-05-08T21:39:51.037] [INFO] default - GET /_next/static/runtime/main.js?ts=1557322791013 200 11 ms
[2019-05-08T21:39:51.038] [INFO] default - GET /_next/static/development/dll/dll_aa8f31c0c93a8f34edc5.js?ts=1557322791013 200 12 ms
[2019-05-08T21:39:51.047] [INFO] default - GET /_next/static/css/static/development/pages/about.js.chunk.css.map 304 1 ms
[2019-05-08T21:39:51.061] [INFO] default - GET /_next/static/development/pages/about.js.map 200 1 ms
[2019-05-08T21:39:51.061] [INFO] default - GET /_next/static/runtime/webpack.js.map 200 1 ms
[2019-05-08T21:39:51.116] [INFO] default - GET /_next/static/runtime/main.js.map 200 5 ms
[2019-05-08T21:39:51.126] [INFO] default - GET /_next/static/chunks/0.js 200 1 ms
[2019-05-08T21:39:51.158] [INFO] default - GET /_next/static/development/pages/_app.js.map 200 3 ms
[2019-05-08T21:39:51.184] [INFO] default - GET /_next/static/chunks/0.js.map 200 1 ms
[2019-05-08T21:40:24.575] [INFO] default - GET /_next/static/webpack/4d62b80762b08d12d182.hot-update.json 200 7 ms
[2019-05-08T21:40:24.580] [INFO] default - GET /_next/static/webpack/static/development/pages/_app.js.4d62b80762b08d12d182.hot-update.js 200 1 ms
[2019-05-08T21:40:24.584] [INFO] default - GET /_next/static/webpack/static/development/pages/_app.js.4d62b80762b08d12d182.hot-update.js.map 200 1 ms
[2019-05-08T21:40:26.699] [INFO] default - GET /about 200 16 ms
[2019-05-08T21:40:26.704] [INFO] default - GET /_next/webpack-hmr 200 35577 ms
[2019-05-08T21:40:26.716] [INFO] default - GET /_next/static/css/static/development/pages/about.js.chunk.css 200 3 ms
[2019-05-08T21:40:26.716] [INFO] default - GET /_next/static/runtime/webpack.js?ts=1557322826697 200 3 ms
[2019-05-08T21:40:26.717] [INFO] default - GET /_next/static/development/pages/about.js?ts=1557322826697 200 7 ms
[2019-05-08T21:40:26.729] [INFO] default - GET /_next/static/development/pages/_app.js?ts=1557322826697 200 16 ms
[2019-05-08T21:40:26.730] [INFO] default - GET /_next/static/runtime/main.js?ts=1557322826697 200 15 ms
[2019-05-08T21:40:26.731] [INFO] default - GET /_next/static/development/dll/dll_aa8f31c0c93a8f34edc5.js?ts=1557322826697 200 17 ms
[2019-05-08T21:40:26.738] [INFO] default - GET /_next/static/css/static/development/pages/about.js.chunk.css.map 200 1 ms
[2019-05-08T21:40:26.759] [INFO] default - GET /_next/static/development/pages/about.js.map 200 1 ms
[2019-05-08T21:40:26.762] [INFO] default - GET /_next/static/runtime/webpack.js.map 200 1 ms
[2019-05-08T21:40:26.814] [INFO] default - GET /_next/static/runtime/main.js.map 200 4 ms
[2019-05-08T21:40:26.831] [INFO] default - GET /_next/static/chunks/0.js 200 1 ms
[2019-05-08T21:40:26.861] [INFO] default - GET /_next/static/development/pages/_app.js.map 200 7 ms
[2019-05-08T21:40:26.885] [INFO] default - GET /_next/static/chunks/0.js.map 200 1 ms
[2019-05-08T21:41:05.945] [INFO] default - GET /_next/static/webpack/7631cc10e241492eead5.hot-update.json 200 7 ms
[2019-05-08T21:41:05.950] [INFO] default - GET /_next/static/webpack/static/development/pages/_app.js.7631cc10e241492eead5.hot-update.js 200 0 ms
[2019-05-08T21:41:05.953] [INFO] default - GET /_next/static/webpack/static/development/pages/_app.js.7631cc10e241492eead5.hot-update.js.map 200 0 ms
[2019-05-08T21:41:29.626] [INFO] default - GET /_next/static/webpack/0d92931dab0a20c04967.hot-update.json 200 6 ms
[2019-05-08T21:41:29.630] [INFO] default - GET /_next/static/webpack/static/development/pages/_app.js.0d92931dab0a20c04967.hot-update.js 200 1 ms
[2019-05-08T21:41:29.633] [INFO] default - GET /_next/static/webpack/static/development/pages/_app.js.0d92931dab0a20c04967.hot-update.js.map 200 1 ms
[2019-05-08T21:42:04.367] [INFO] default - GET /_next/static/webpack/ffeb826907c0e8877d15.hot-update.json 200 98 ms
[2019-05-08T21:42:04.371] [INFO] default - GET /_next/static/webpack/static/development/pages/_app.js.ffeb826907c0e8877d15.hot-update.js 200 1 ms
[2019-05-08T21:42:04.375] [INFO] default - GET /_next/static/webpack/static/development/pages/_app.js.ffeb826907c0e8877d15.hot-update.js.map 200 1 ms
[2019-05-08T21:42:04.876] [INFO] default - GET /about 500 499 ms
[2019-05-08T21:42:04.881] [INFO] default - GET /_next/webpack-hmr 200 98049 ms
[2019-05-08T21:42:07.074] [INFO] default - GET /about 500 5 ms
[2019-05-08T21:42:55.104] [INFO] default - GET /about 200 11 ms
[2019-05-08T21:42:55.119] [INFO] default - GET /_next/static/development/pages/about.js?ts=1557322975102 200 6 ms
[2019-05-08T21:42:55.121] [INFO] default - GET /_next/static/runtime/webpack.js?ts=1557322975102 200 5 ms
[2019-05-08T21:42:55.123] [INFO] default - GET /_next/static/css/static/development/pages/about.js.chunk.css 200 6 ms
[2019-05-08T21:42:55.128] [INFO] default - GET /_next/static/development/pages/_app.js?ts=1557322975102 200 15 ms
[2019-05-08T21:42:55.131] [INFO] default - GET /_next/static/runtime/main.js?ts=1557322975102 200 15 ms
[2019-05-08T21:42:55.132] [INFO] default - GET /_next/static/development/dll/dll_aa8f31c0c93a8f34edc5.js?ts=1557322975102 200 13 ms
[2019-05-08T21:42:55.157] [INFO] default - GET /_next/static/css/static/development/pages/about.js.chunk.css.map 200 1 ms
[2019-05-08T21:42:55.159] [INFO] default - GET /_next/static/development/pages/about.js.map 200 3 ms
[2019-05-08T21:42:55.161] [INFO] default - GET /_next/static/runtime/webpack.js.map 200 1 ms
[2019-05-08T21:42:55.211] [INFO] default - GET /_next/static/runtime/main.js.map 200 4 ms
[2019-05-08T21:42:55.222] [INFO] default - GET /_next/static/chunks/0.js 200 1 ms
[2019-05-08T21:42:55.255] [INFO] default - GET /_next/static/development/pages/_app.js.map 200 4 ms
[2019-05-08T21:42:55.278] [INFO] default - GET /_next/static/chunks/0.js.map 200 1 ms
[2019-05-08T21:43:04.207] [INFO] default - GET /_next/static/webpack/c39ac77ba4eb4b9002b2.hot-update.json 200 99 ms
[2019-05-08T21:43:04.211] [INFO] default - GET /_next/static/webpack/static/development/pages/_app.js.c39ac77ba4eb4b9002b2.hot-update.js 200 1 ms
[2019-05-08T21:43:04.215] [INFO] default - GET /_next/static/webpack/static/development/pages/_app.js.c39ac77ba4eb4b9002b2.hot-update.js.map 200 1 ms
[2019-05-08T21:44:06.596] [INFO] default - GET /_next/static/webpack/01d7bd1a286b14c973c5.hot-update.json 200 1 ms
[2019-05-08T21:45:18.451] [INFO] default - GET /_next/static/webpack/667c28aeb641e4c8be53.hot-update.json 200 94 ms
[2019-05-08T21:45:18.457] [INFO] default - GET /_next/static/webpack/static/development/pages/_app.js.667c28aeb641e4c8be53.hot-update.js 200 1 ms
[2019-05-08T21:45:18.464] [INFO] default - GET /_next/static/webpack/static/development/pages/_app.js.667c28aeb641e4c8be53.hot-update.js.map 200 1 ms
[2019-05-08T21:45:20.082] [INFO] default - GET /about 200 14 ms
[2019-05-08T21:45:20.087] [INFO] default - GET /_next/webpack-hmr 200 144863 ms
[2019-05-08T21:45:20.096] [INFO] default - GET /_next/static/runtime/webpack.js?ts=1557323120080 200 3 ms
[2019-05-08T21:45:20.097] [INFO] default - GET /_next/static/development/pages/about.js?ts=1557323120080 200 6 ms
[2019-05-08T21:45:20.098] [INFO] default - GET /_next/static/css/static/development/pages/about.js.chunk.css 200 4 ms
[2019-05-08T21:45:20.103] [INFO] default - GET /_next/static/development/pages/_app.js?ts=1557323120080 200 11 ms
[2019-05-08T21:45:20.106] [INFO] default - GET /_next/static/runtime/main.js?ts=1557323120080 200 12 ms
[2019-05-08T21:45:20.109] [INFO] default - GET /_next/static/development/dll/dll_aa8f31c0c93a8f34edc5.js?ts=1557323120080 200 11 ms
[2019-05-08T21:45:20.116] [INFO] default - GET /_next/static/css/static/development/pages/about.js.chunk.css.map 200 1 ms
[2019-05-08T21:45:20.132] [INFO] default - GET /_next/static/runtime/webpack.js.map 200 1 ms
[2019-05-08T21:45:20.133] [INFO] default - GET /_next/static/development/pages/about.js.map 200 2 ms
[2019-05-08T21:45:20.189] [INFO] default - GET /_next/static/runtime/main.js.map 200 5 ms
[2019-05-08T21:45:20.198] [INFO] default - GET /_next/static/chunks/0.js 200 1 ms
[2019-05-08T21:45:20.240] [INFO] default - GET /_next/static/development/pages/_app.js.map 200 4 ms
[2019-05-08T21:45:20.248] [INFO] default - GET /_next/static/chunks/0.js.map 200 0 ms
[2019-05-08T21:45:23.329] [INFO] default - GET /_next/static/webpack/de56d951e8c85ae715bb.hot-update.json 200 1 ms
[2019-05-08T21:45:23.443] [INFO] default - GET / 200 732 ms
[2019-05-08T21:45:23.447] [INFO] default - GET /_next/webpack-hmr 200 3248 ms
[2019-05-08T21:45:23.454] [INFO] default - GET /_next/static/runtime/webpack.js?ts=1557323123442 200 2 ms
[2019-05-08T21:45:23.457] [INFO] default - GET /_next/static/css/static/development/pages/index.js.chunk.css 200 2 ms
[2019-05-08T21:45:23.462] [INFO] default - GET /_next/static/development/pages/index.js?ts=1557323123442 200 11 ms
[2019-05-08T21:45:23.463] [INFO] default - GET /_next/static/development/pages/_app.js?ts=1557323123442 200 11 ms
[2019-05-08T21:45:23.464] [INFO] default - GET /_next/static/runtime/main.js?ts=1557323123442 200 11 ms
[2019-05-08T21:45:23.466] [INFO] default - GET /_next/static/development/dll/dll_aa8f31c0c93a8f34edc5.js?ts=1557323123442 200 11 ms
[2019-05-08T21:45:23.478] [INFO] default - GET /_next/static/css/static/development/pages/index.js.chunk.css.map 200 1 ms
[2019-05-08T21:45:23.492] [INFO] default - GET /_next/static/runtime/webpack.js.map 200 1 ms
[2019-05-08T21:45:23.510] [INFO] default - GET /_next/static/development/pages/index.js.map 200 3 ms
[2019-05-08T21:45:23.528] [INFO] default - GET /_next/static/development/pages/_app.js.map 200 3 ms
[2019-05-08T21:45:23.566] [INFO] default - GET /_next/static/runtime/main.js.map 200 4 ms
[2019-05-08T21:45:23.585] [INFO] default - GET /_next/static/chunks/0.js 200 0 ms
[2019-05-08T21:45:23.615] [INFO] default - GET /_next/static/chunks/0.js.map 200 1 ms
[2019-05-08T21:45:26.832] [INFO] default - GET / 200 1204 ms
[2019-05-08T21:45:26.836] [INFO] default - GET /_next/webpack-hmr 200 3226 ms
[2019-05-08T21:45:26.844] [INFO] default - GET /_next/static/runtime/webpack.js?ts=1557323126831 200 3 ms
[2019-05-08T21:45:26.846] [INFO] default - GET /_next/static/css/static/development/pages/index.js.chunk.css 304 1 ms
[2019-05-08T21:45:26.852] [INFO] default - GET /_next/static/development/pages/index.js?ts=1557323126831 200 12 ms
[2019-05-08T21:45:26.854] [INFO] default - GET /_next/static/development/pages/_app.js?ts=1557323126831 200 14 ms
[2019-05-08T21:45:26.857] [INFO] default - GET /_next/static/runtime/main.js?ts=1557323126831 200 13 ms
[2019-05-08T21:45:26.859] [INFO] default - GET /_next/static/development/dll/dll_aa8f31c0c93a8f34edc5.js?ts=1557323126831 200 12 ms
[2019-05-08T21:45:26.865] [INFO] default - GET /_next/static/css/static/development/pages/index.js.chunk.css.map 304 0 ms
[2019-05-08T21:45:26.884] [INFO] default - GET /_next/static/runtime/webpack.js.map 200 0 ms
[2019-05-08T21:45:26.905] [INFO] default - GET /_next/static/development/pages/index.js.map 200 3 ms
[2019-05-08T21:45:26.947] [INFO] default - GET /_next/static/runtime/main.js.map 200 3 ms
[2019-05-08T21:45:26.958] [INFO] default - GET /_next/static/chunks/0.js 200 1 ms
[2019-05-08T21:45:27.004] [INFO] default - GET /_next/static/chunks/0.js.map 200 1 ms
[2019-05-08T21:45:27.007] [INFO] default - GET /_next/static/development/pages/_app.js.map 200 9 ms
[2019-05-08T21:45:39.250] [INFO] default - GET /_next/static/webpack/7ffd5af07fc6a6377964.hot-update.json 200 9 ms
[2019-05-08T21:45:39.254] [INFO] default - GET /_next/static/webpack/static/development/pages/_app.js.7ffd5af07fc6a6377964.hot-update.js 200 1 ms
[2019-05-08T21:45:39.258] [INFO] default - GET /_next/static/webpack/static/development/pages/_app.js.7ffd5af07fc6a6377964.hot-update.js.map 200 0 ms
[2019-05-08T21:45:46.421] [INFO] default - GET / 200 148 ms
[2019-05-08T21:45:46.424] [INFO] default - GET /_next/webpack-hmr 200 19425 ms
[2019-05-08T21:45:46.433] [INFO] default - GET /_next/static/runtime/webpack.js?ts=1557323146418 200 2 ms
[2019-05-08T21:45:46.434] [INFO] default - GET /_next/static/css/static/development/pages/index.js.chunk.css 200 3 ms
[2019-05-08T21:45:46.437] [INFO] default - GET /_next/static/development/pages/index.js?ts=1557323146418 200 9 ms
[2019-05-08T21:45:46.439] [INFO] default - GET /_next/static/development/pages/_app.js?ts=1557323146418 200 10 ms
[2019-05-08T21:45:46.442] [INFO] default - GET /_next/static/runtime/main.js?ts=1557323146418 200 10 ms
[2019-05-08T21:45:46.443] [INFO] default - GET /_next/static/development/dll/dll_aa8f31c0c93a8f34edc5.js?ts=1557323146418 200 10 ms
[2019-05-08T21:45:46.458] [INFO] default - GET /_next/static/css/static/development/pages/index.js.chunk.css.map 200 0 ms
[2019-05-08T21:45:46.467] [INFO] default - GET /_next/static/runtime/webpack.js.map 200 1 ms
[2019-05-08T21:45:46.487] [INFO] default - GET /_next/static/development/pages/index.js.map 200 4 ms
[2019-05-08T21:45:46.535] [INFO] default - GET /_next/static/runtime/main.js.map 200 3 ms
[2019-05-08T21:45:46.549] [INFO] default - GET /_next/static/chunks/0.js 200 0 ms
[2019-05-08T21:45:46.572] [INFO] default - GET /_next/static/development/pages/_app.js.map 200 3 ms
[2019-05-08T21:45:46.598] [INFO] default - GET /_next/static/chunks/0.js.map 200 1 ms
[2019-05-08T21:46:06.996] [INFO] default - GET /_next/static/webpack/595bffebba6f6d07c649.hot-update.json 200 8 ms
[2019-05-08T21:46:07.001] [INFO] default - GET /_next/static/webpack/static/development/pages/_app.js.595bffebba6f6d07c649.hot-update.js 200 1 ms
[2019-05-08T21:46:07.010] [INFO] default - GET /_next/static/webpack/static/development/pages/_app.js.595bffebba6f6d07c649.hot-update.js.map 200 1 ms
[2019-05-08T21:47:07.064] [INFO] default - GET /_next/static/webpack/ee2af37c2dcd857dcc9e.hot-update.json 200 8 ms
[2019-05-08T21:47:07.068] [INFO] default - GET /_next/static/webpack/static/development/pages/_app.js.ee2af37c2dcd857dcc9e.hot-update.js 200 1 ms
[2019-05-08T21:47:07.072] [INFO] default - GET /_next/static/webpack/static/development/pages/_app.js.ee2af37c2dcd857dcc9e.hot-update.js.map 200 0 ms
[2019-05-08T21:47:09.264] [INFO] default - GET / 200 138 ms
[2019-05-08T21:47:09.267] [INFO] default - GET /_next/webpack-hmr 200 82674 ms
[2019-05-08T21:47:09.276] [INFO] default - GET /_next/static/runtime/webpack.js?ts=1557323229261 200 2 ms
[2019-05-08T21:47:09.278] [INFO] default - GET /_next/static/css/static/development/pages/index.js.chunk.css 200 3 ms
[2019-05-08T21:47:09.282] [INFO] default - GET /_next/static/development/pages/index.js?ts=1557323229261 200 10 ms
[2019-05-08T21:47:09.286] [INFO] default - GET /_next/static/development/pages/_app.js?ts=1557323229261 200 13 ms
[2019-05-08T21:47:09.287] [INFO] default - GET /_next/static/runtime/main.js?ts=1557323229261 200 13 ms
[2019-05-08T21:47:09.290] [INFO] default - GET /_next/static/development/dll/dll_aa8f31c0c93a8f34edc5.js?ts=1557323229261 200 15 ms
[2019-05-08T21:47:09.313] [INFO] default - GET /_next/static/css/static/development/pages/index.js.chunk.css.map 200 1 ms
[2019-05-08T21:47:09.327] [INFO] default - GET /_next/static/runtime/webpack.js.map 200 1 ms
[2019-05-08T21:47:09.347] [INFO] default - GET /_next/static/development/pages/index.js.map 200 3 ms
[2019-05-08T21:47:09.389] [INFO] default - GET /_next/static/runtime/main.js.map 200 4 ms
[2019-05-08T21:47:09.404] [INFO] default - GET /_next/static/chunks/0.js 200 1 ms
[2019-05-08T21:47:09.427] [INFO] default - GET /_next/static/development/pages/_app.js.map 200 3 ms
[2019-05-08T21:47:09.451] [INFO] default - GET /_next/static/chunks/0.js.map 200 1 ms
[2019-05-08T21:47:23.926] [INFO] default - GET / 200 112 ms
[2019-05-08T21:47:23.930] [INFO] default - GET /_next/webpack-hmr 200 14484 ms
[2019-05-08T21:47:23.940] [INFO] default - GET /_next/static/css/static/development/pages/index.js.chunk.css 304 3 ms
[2019-05-08T21:47:23.941] [INFO] default - GET /_next/static/runtime/webpack.js?ts=1557323243926 200 5 ms
[2019-05-08T21:47:23.945] [INFO] default - GET /_next/static/development/pages/index.js?ts=1557323243926 200 11 ms
[2019-05-08T21:47:23.948] [INFO] default - GET /_next/static/development/pages/_app.js?ts=1557323243926 200 12 ms
[2019-05-08T21:47:23.950] [INFO] default - GET /_next/static/runtime/main.js?ts=1557323243926 200 11 ms
[2019-05-08T21:47:23.951] [INFO] default - GET /_next/static/development/dll/dll_aa8f31c0c93a8f34edc5.js?ts=1557323243926 200 12 ms
[2019-05-08T21:47:23.961] [INFO] default - GET /_next/static/css/static/development/pages/index.js.chunk.css.map 304 0 ms
[2019-05-08T21:47:23.977] [INFO] default - GET /_next/static/runtime/webpack.js.map 200 0 ms
[2019-05-08T21:47:23.998] [INFO] default - GET /_next/static/development/pages/index.js.map 200 3 ms
[2019-05-08T21:47:24.046] [INFO] default - GET /_next/static/runtime/main.js.map 200 4 ms
[2019-05-08T21:47:24.061] [INFO] default - GET /_next/static/chunks/0.js 200 1 ms
[2019-05-08T21:47:24.081] [INFO] default - GET /_next/static/development/pages/_app.js.map 200 3 ms
[2019-05-08T21:47:24.111] [INFO] default - GET /_next/static/chunks/0.js.map 200 0 ms
[2019-05-08T21:47:36.884] [INFO] default - GET /_next/static/webpack/395395606fac4488d95f.hot-update.json 200 7 ms
[2019-05-08T21:47:36.888] [INFO] default - GET /_next/static/webpack/static/development/pages/_app.js.395395606fac4488d95f.hot-update.js 200 1 ms
[2019-05-08T21:47:36.892] [INFO] default - GET /_next/static/webpack/static/development/pages/_app.js.395395606fac4488d95f.hot-update.js.map 200 1 ms
[2019-05-08T21:47:40.551] [INFO] default - GET / 200 99 ms
[2019-05-08T21:47:40.555] [INFO] default - GET /_next/webpack-hmr 200 16448 ms
[2019-05-08T21:47:40.565] [INFO] default - GET /_next/static/runtime/webpack.js?ts=1557323260549 200 3 ms
[2019-05-08T21:47:40.569] [INFO] default - GET /_next/static/css/static/development/pages/index.js.chunk.css 200 3 ms
[2019-05-08T21:47:40.571] [INFO] default - GET /_next/static/development/pages/index.js?ts=1557323260549 200 11 ms
[2019-05-08T21:47:40.574] [INFO] default - GET /_next/static/development/pages/_app.js?ts=1557323260549 200 13 ms
[2019-05-08T21:47:40.579] [INFO] default - GET /_next/static/runtime/main.js?ts=1557323260549 200 15 ms
[2019-05-08T21:47:40.580] [INFO] default - GET /_next/static/development/dll/dll_aa8f31c0c93a8f34edc5.js?ts=1557323260549 200 13 ms
[2019-05-08T21:47:40.597] [INFO] default - GET /_next/static/css/static/development/pages/index.js.chunk.css.map 200 1 ms
[2019-05-08T21:47:40.613] [INFO] default - GET /_next/static/runtime/webpack.js.map 200 1 ms
[2019-05-08T21:47:40.632] [INFO] default - GET /_next/static/development/pages/index.js.map 200 3 ms
[2019-05-08T21:47:40.673] [INFO] default - GET /_next/static/runtime/main.js.map 200 4 ms
[2019-05-08T21:47:40.692] [INFO] default - GET /_next/static/chunks/0.js 200 1 ms
[2019-05-08T21:47:40.710] [INFO] default - GET /_next/static/development/pages/_app.js.map 200 3 ms
[2019-05-08T21:47:40.741] [INFO] default - GET /_next/static/chunks/0.js.map 200 1 ms
[2019-05-08T21:48:02.401] [INFO] default - GET /_next/static/webpack/54bbc846d98e6b14f00d.hot-update.json 200 8 ms
[2019-05-08T21:48:02.405] [INFO] default - GET /_next/static/webpack/static/development/pages/_app.js.54bbc846d98e6b14f00d.hot-update.js 200 1 ms
[2019-05-08T21:48:02.412] [INFO] default - GET /_next/static/webpack/static/development/pages/_app.js.54bbc846d98e6b14f00d.hot-update.js.map 200 1 ms
[2019-05-08T21:48:04.203] [INFO] default - GET / 200 117 ms
[2019-05-08T21:48:04.207] [INFO] default - GET /_next/webpack-hmr 200 23475 ms
[2019-05-08T21:48:04.217] [INFO] default - GET /_next/static/runtime/webpack.js?ts=1557323284200 200 3 ms
[2019-05-08T21:48:04.217] [INFO] default - GET /_next/static/css/static/development/pages/index.js.chunk.css 200 3 ms
[2019-05-08T21:48:04.220] [INFO] default - GET /_next/static/development/pages/index.js?ts=1557323284200 200 9 ms
[2019-05-08T21:48:04.223] [INFO] default - GET /_next/static/development/pages/_app.js?ts=1557323284200 200 11 ms
[2019-05-08T21:48:04.230] [INFO] default - GET /_next/static/runtime/main.js?ts=1557323284200 200 14 ms
[2019-05-08T21:48:04.231] [INFO] default - GET /_next/static/development/dll/dll_aa8f31c0c93a8f34edc5.js?ts=1557323284200 200 15 ms
[2019-05-08T21:48:04.252] [INFO] default - GET /_next/static/css/static/development/pages/index.js.chunk.css.map 200 1 ms
[2019-05-08T21:48:04.261] [INFO] default - GET /_next/static/runtime/webpack.js.map 200 1 ms
[2019-05-08T21:48:04.282] [INFO] default - GET /_next/static/development/pages/index.js.map 200 2 ms
[2019-05-08T21:48:04.324] [INFO] default - GET /_next/static/runtime/main.js.map 200 4 ms
[2019-05-08T21:48:04.337] [INFO] default - GET /_next/static/chunks/0.js 200 1 ms
[2019-05-08T21:48:04.366] [INFO] default - GET /_next/static/development/pages/_app.js.map 200 3 ms
[2019-05-08T21:48:04.391] [INFO] default - GET /_next/static/chunks/0.js.map 200 1 ms
[2019-05-08T21:48:05.259] [INFO] default - GET / 200 112 ms
[2019-05-08T21:48:05.264] [INFO] default - GET /_next/webpack-hmr 200 877 ms
[2019-05-08T21:48:05.276] [INFO] default - GET /_next/static/css/static/development/pages/index.js.chunk.css 304 2 ms
[2019-05-08T21:48:05.277] [INFO] default - GET /_next/static/runtime/webpack.js?ts=1557323285258 200 5 ms
[2019-05-08T21:48:05.277] [INFO] default - GET /_next/static/development/pages/index.js?ts=1557323285258 200 10 ms
[2019-05-08T21:48:05.279] [INFO] default - GET /_next/static/development/pages/_app.js?ts=1557323285258 200 11 ms
[2019-05-08T21:48:05.283] [INFO] default - GET /_next/static/runtime/main.js?ts=1557323285258 200 11 ms
[2019-05-08T21:48:05.286] [INFO] default - GET /_next/static/development/dll/dll_aa8f31c0c93a8f34edc5.js?ts=1557323285258 200 9 ms
[2019-05-08T21:48:05.296] [INFO] default - GET /_next/static/css/static/development/pages/index.js.chunk.css.map 304 1 ms
[2019-05-08T21:48:05.313] [INFO] default - GET /_next/static/runtime/webpack.js.map 200 1 ms
[2019-05-08T21:48:05.332] [INFO] default - GET /_next/static/development/pages/index.js.map 200 2 ms
[2019-05-08T21:48:05.375] [INFO] default - GET /_next/static/runtime/main.js.map 200 3 ms
[2019-05-08T21:48:05.388] [INFO] default - GET /_next/static/chunks/0.js 200 0 ms
[2019-05-08T21:48:05.408] [INFO] default - GET /_next/static/development/pages/_app.js.map 200 3 ms
[2019-05-08T21:48:05.433] [INFO] default - GET /_next/static/chunks/0.js.map 200 1 ms
[2019-05-08T21:48:25.086] [INFO] default - GET /_next/static/webpack/f6ba95d68f4e5eb6a228.hot-update.json 200 9 ms
[2019-05-08T21:48:25.090] [INFO] default - GET /_next/static/webpack/static/development/pages/_app.js.f6ba95d68f4e5eb6a228.hot-update.js 200 1 ms
[2019-05-08T21:48:25.094] [INFO] default - GET /_next/static/webpack/static/development/pages/_app.js.f6ba95d68f4e5eb6a228.hot-update.js.map 200 1 ms
[2019-05-08T21:48:31.513] [INFO] default - GET / 200 4286 ms
[2019-05-08T21:48:31.517] [INFO] default - GET /_next/webpack-hmr 200 26088 ms
[2019-05-08T21:48:31.526] [INFO] default - GET /_next/static/runtime/webpack.js?ts=1557323311511 200 2 ms
[2019-05-08T21:48:31.532] [INFO] default - GET /_next/static/css/static/development/pages/index.js.chunk.css 200 4 ms
[2019-05-08T21:48:31.534] [INFO] default - GET /_next/static/development/pages/index.js?ts=1557323311511 200 12 ms
[2019-05-08T21:48:31.536] [INFO] default - GET /_next/static/development/pages/_app.js?ts=1557323311511 200 13 ms
[2019-05-08T21:48:31.540] [INFO] default - GET /_next/static/runtime/main.js?ts=1557323311511 200 16 ms
[2019-05-08T21:48:31.545] [INFO] default - GET /_next/static/development/dll/dll_aa8f31c0c93a8f34edc5.js?ts=1557323311511 200 16 ms
[2019-05-08T21:48:31.551] [INFO] default - GET /_next/static/css/static/development/pages/index.js.chunk.css.map 200 1 ms
[2019-05-08T21:48:31.569] [INFO] default - GET /_next/static/runtime/webpack.js.map 200 1 ms
[2019-05-08T21:48:31.593] [INFO] default - GET /_next/static/development/pages/index.js.map 200 3 ms
[2019-05-08T21:48:31.636] [INFO] default - GET /_next/static/runtime/main.js.map 200 4 ms
[2019-05-08T21:48:31.651] [INFO] default - GET /_next/static/chunks/0.js 200 1 ms
[2019-05-08T21:48:31.680] [INFO] default - GET /_next/static/development/pages/_app.js.map 200 4 ms
[2019-05-08T21:48:31.712] [INFO] default - GET /_next/static/chunks/0.js.map 200 1 ms
[2019-05-08T21:48:37.667] [INFO] default - GET / 200 111 ms
[2019-05-08T21:48:37.672] [INFO] default - GET /_next/webpack-hmr 200 5966 ms
[2019-05-08T21:48:37.683] [INFO] default - GET /_next/static/css/static/development/pages/index.js.chunk.css 304 1 ms
[2019-05-08T21:48:37.684] [INFO] default - GET /_next/static/runtime/webpack.js?ts=1557323317666 200 2 ms
[2019-05-08T21:48:37.687] [INFO] default - GET /_next/static/development/pages/index.js?ts=1557323317666 200 10 ms
[2019-05-08T21:48:37.689] [INFO] default - GET /_next/static/development/pages/_app.js?ts=1557323317666 200 10 ms
[2019-05-08T21:48:37.691] [INFO] default - GET /_next/static/runtime/main.js?ts=1557323317666 200 9 ms
[2019-05-08T21:48:37.693] [INFO] default - GET /_next/static/development/dll/dll_aa8f31c0c93a8f34edc5.js?ts=1557323317666 200 9 ms
[2019-05-08T21:48:37.703] [INFO] default - GET /_next/static/css/static/development/pages/index.js.chunk.css.map 304 1 ms
[2019-05-08T21:48:37.722] [INFO] default - GET /_next/static/runtime/webpack.js.map 200 3 ms
[2019-05-08T21:48:37.744] [INFO] default - GET /_next/static/development/pages/index.js.map 200 4 ms
[2019-05-08T21:48:37.783] [INFO] default - GET /_next/static/runtime/main.js.map 200 4 ms
[2019-05-08T21:48:37.797] [INFO] default - GET /_next/static/chunks/0.js 200 1 ms
[2019-05-08T21:48:37.819] [INFO] default - GET /_next/static/development/pages/_app.js.map 200 3 ms
[2019-05-08T21:48:37.853] [INFO] default - GET /_next/static/chunks/0.js.map 200 1 ms
[2019-05-08T21:49:01.399] [INFO] default - GET /_next/static/webpack/1c63a22fb6b31fb090cc.hot-update.json 200 7 ms
[2019-05-08T21:49:01.403] [INFO] default - GET /_next/static/webpack/static/development/pages/_app.js.1c63a22fb6b31fb090cc.hot-update.js 200 1 ms
[2019-05-08T21:49:01.407] [INFO] default - GET /_next/static/webpack/static/development/pages/_app.js.1c63a22fb6b31fb090cc.hot-update.js.map 200 1 ms
[2019-05-08T21:49:04.547] [INFO] default - GET / 200 327 ms
[2019-05-08T21:49:04.551] [INFO] default - GET /_next/webpack-hmr 200 26707 ms
[2019-05-08T21:49:04.563] [INFO] default - GET /_next/static/runtime/webpack.js?ts=1557323344545 200 3 ms
[2019-05-08T21:49:04.565] [INFO] default - GET /_next/static/css/static/development/pages/index.js.chunk.css 200 3 ms
[2019-05-08T21:49:04.569] [INFO] default - GET /_next/static/development/pages/index.js?ts=1557323344545 200 12 ms
[2019-05-08T21:49:04.573] [INFO] default - GET /_next/static/development/pages/_app.js?ts=1557323344545 200 14 ms
[2019-05-08T21:49:04.576] [INFO] default - GET /_next/static/runtime/main.js?ts=1557323344545 200 16 ms
[2019-05-08T21:49:04.580] [INFO] default - GET /_next/static/development/dll/dll_aa8f31c0c93a8f34edc5.js?ts=1557323344545 200 19 ms
[2019-05-08T21:49:04.610] [INFO] default - GET /_next/static/css/static/development/pages/index.js.chunk.css.map 200 1 ms
[2019-05-08T21:49:04.616] [INFO] default - GET /_next/static/runtime/webpack.js.map 200 0 ms
[2019-05-08T21:49:04.637] [INFO] default - GET /_next/static/development/pages/index.js.map 200 2 ms
[2019-05-08T21:49:04.682] [INFO] default - GET /_next/static/runtime/main.js.map 200 3 ms
[2019-05-08T21:49:04.698] [INFO] default - GET /_next/static/chunks/0.js 200 1 ms
[2019-05-08T21:49:04.731] [INFO] default - GET /_next/static/development/pages/_app.js.map 200 3 ms
[2019-05-08T21:49:04.762] [INFO] default - GET /_next/static/chunks/0.js.map 200 0 ms
[2019-05-08T21:49:17.663] [INFO] default - GET /_next/static/webpack/eeb60f962f14f555416f.hot-update.json 200 1 ms
[2019-05-08T21:49:17.667] [INFO] default - GET /_next/static/webpack/static/development/pages/index.js.eeb60f962f14f555416f.hot-update.js 200 1 ms
[2019-05-08T21:49:17.667] [INFO] default - GET /_next/static/webpack/static/development/pages/_app.js.eeb60f962f14f555416f.hot-update.js 200 1 ms
[2019-05-08T21:49:17.671] [INFO] default - GET /_next/static/webpack/static/development/pages/index.js.eeb60f962f14f555416f.hot-update.js.map 200 1 ms
[2019-05-08T21:49:17.672] [INFO] default - GET /_next/static/webpack/static/development/pages/_app.js.eeb60f962f14f555416f.hot-update.js.map 200 1 ms
[2019-05-08T21:49:18.745] [INFO] default - GET / 200 140 ms
[2019-05-08T21:49:18.749] [INFO] default - GET /_next/webpack-hmr 200 13991 ms
[2019-05-08T21:49:18.761] [INFO] default - GET /_next/static/css/static/development/pages/index.js.chunk.css 200 2 ms
[2019-05-08T21:49:18.762] [INFO] default - GET /_next/static/runtime/webpack.js?ts=1557323358743 200 3 ms
[2019-05-08T21:49:18.767] [INFO] default - GET /_next/static/development/pages/index.js?ts=1557323358743 200 12 ms
[2019-05-08T21:49:18.770] [INFO] default - GET /_next/static/development/pages/_app.js?ts=1557323358743 200 14 ms
[2019-05-08T21:49:18.776] [INFO] default - GET /_next/static/runtime/main.js?ts=1557323358743 200 17 ms
[2019-05-08T21:49:18.778] [INFO] default - GET /_next/static/development/dll/dll_aa8f31c0c93a8f34edc5.js?ts=1557323358743 200 19 ms
[2019-05-08T21:49:18.792] [INFO] default - GET /_next/static/css/static/development/pages/index.js.chunk.css.map 200 2 ms
[2019-05-08T21:49:18.811] [INFO] default - GET /_next/static/runtime/webpack.js.map 200 1 ms
[2019-05-08T21:49:18.827] [INFO] default - GET /_next/static/development/pages/index.js.map 200 2 ms
[2019-05-08T21:49:18.873] [INFO] default - GET /_next/static/runtime/main.js.map 200 5 ms
[2019-05-08T21:49:18.886] [INFO] default - GET /_next/static/chunks/0.js 200 1 ms
[2019-05-08T21:49:18.911] [INFO] default - GET /_next/static/development/pages/_app.js.map 200 7 ms
[2019-05-08T21:49:18.947] [INFO] default - GET /_next/static/chunks/0.js.map 200 0 ms
[2019-05-08T21:49:20.007] [INFO] default - GET / 200 92 ms
[2019-05-08T21:49:20.011] [INFO] default - GET /_next/webpack-hmr 200 1070 ms
[2019-05-08T21:49:20.018] [INFO] default - GET /_next/static/runtime/webpack.js?ts=1557323360005 200 1 ms
[2019-05-08T21:49:20.024] [INFO] default - GET /_next/static/css/static/development/pages/index.js.chunk.css 304 2 ms
[2019-05-08T21:49:20.026] [INFO] default - GET /_next/static/development/pages/index.js?ts=1557323360005 200 10 ms
[2019-05-08T21:49:20.027] [INFO] default - GET /_next/static/development/pages/_app.js?ts=1557323360005 200 11 ms
[2019-05-08T21:49:20.030] [INFO] default - GET /_next/static/runtime/main.js?ts=1557323360005 200 10 ms
[2019-05-08T21:49:20.033] [INFO] default - GET /_next/static/development/dll/dll_aa8f31c0c93a8f34edc5.js?ts=1557323360005 200 13 ms
[2019-05-08T21:49:20.045] [INFO] default - GET /_next/static/css/static/development/pages/index.js.chunk.css.map 304 1 ms
[2019-05-08T21:49:20.063] [INFO] default - GET /_next/static/runtime/webpack.js.map 200 1 ms
[2019-05-08T21:49:20.081] [INFO] default - GET /_next/static/development/pages/index.js.map 200 3 ms
[2019-05-08T21:49:20.131] [INFO] default - GET /_next/static/runtime/main.js.map 200 11 ms
[2019-05-08T21:49:20.148] [INFO] default - GET /_next/static/chunks/0.js 200 1 ms
[2019-05-08T21:49:20.167] [INFO] default - GET /_next/static/development/pages/_app.js.map 200 3 ms
[2019-05-08T21:49:20.199] [INFO] default - GET /_next/static/chunks/0.js.map 200 1 ms
[2019-05-08T21:49:21.401] [INFO] default - GET / 200 93 ms
[2019-05-08T21:49:32.401] [INFO] default - GET /_next/static/webpack/707b4892904f40d55aaf.hot-update.json 200 111 ms
[2019-05-08T21:49:32.405] [INFO] default - GET /_next/static/webpack/static/development/pages/_app.js.707b4892904f40d55aaf.hot-update.js 200 1 ms
[2019-05-08T21:49:32.410] [INFO] default - GET /_next/static/webpack/static/development/pages/_app.js.707b4892904f40d55aaf.hot-update.js.map 200 1 ms
[2019-05-08T21:49:35.711] [INFO] default - GET /_next/static/webpack/ae95b0e19fa13a08e885.hot-update.json 200 121 ms
[2019-05-08T21:49:35.715] [INFO] default - GET /_next/static/webpack/static/development/pages/_app.js.ae95b0e19fa13a08e885.hot-update.js 200 0 ms
[2019-05-08T21:49:35.718] [INFO] default - GET /_next/static/webpack/static/development/pages/_app.js.ae95b0e19fa13a08e885.hot-update.js.map 200 1 ms
[2019-05-08T21:49:43.818] [INFO] default - GET /_next/static/webpack/c2eab94baabdc86d4e1b.hot-update.json 200 6 ms
[2019-05-08T21:49:43.822] [INFO] default - GET /_next/static/webpack/static/development/pages/_app.js.c2eab94baabdc86d4e1b.hot-update.js 200 1 ms
[2019-05-08T21:49:43.828] [INFO] default - GET /_next/static/webpack/static/development/pages/_app.js.c2eab94baabdc86d4e1b.hot-update.js.map 200 1 ms
[2019-05-08T21:51:41.080] [INFO] default - GET /_next/static/webpack/3c18c5c1768956f014b1.hot-update.json 200 7 ms
[2019-05-08T21:51:41.084] [INFO] default - GET /_next/static/webpack/static/development/pages/_app.js.3c18c5c1768956f014b1.hot-update.js 200 1 ms
[2019-05-08T21:51:41.121] [INFO] default - GET /_next/static/webpack/static/development/pages/_app.js.3c18c5c1768956f014b1.hot-update.js.map 200 8 ms
[2019-05-08T21:51:41.629] [INFO] default - GET / 500 535 ms
[2019-05-08T21:51:41.634] [INFO] default - GET /_next/webpack-hmr 200 141440 ms
[2019-05-08T21:53:09.393] [INFO] default - GET / 500 547 ms
[2019-05-08T21:53:11.234] [INFO] default - GET / 500 6 ms
[2019-05-08T21:53:28.570] [INFO] default - GET / 200 950 ms
[2019-05-08T21:53:28.581] [INFO] default - GET /_next/static/runtime/webpack.js?ts=1557323608568 200 2 ms
[2019-05-08T21:53:28.584] [INFO] default - GET /_next/static/css/static/development/pages/index.js.chunk.css 200 2 ms
[2019-05-08T21:53:28.589] [INFO] default - GET /_next/static/development/pages/index.js?ts=1557323608568 200 12 ms
[2019-05-08T21:53:28.590] [INFO] default - GET /_next/static/development/pages/_app.js?ts=1557323608568 200 12 ms
[2019-05-08T21:53:28.591] [INFO] default - GET /_next/static/runtime/main.js?ts=1557323608568 200 11 ms
[2019-05-08T21:53:28.593] [INFO] default - GET /_next/static/development/dll/dll_aa8f31c0c93a8f34edc5.js?ts=1557323608568 200 11 ms
[2019-05-08T21:53:28.597] [INFO] default - GET /_next/static/css/static/development/pages/index.js.chunk.css.map 200 1 ms
[2019-05-08T21:53:28.627] [INFO] default - GET /_next/static/runtime/webpack.js.map 200 2 ms
[2019-05-08T21:53:28.645] [INFO] default - GET /_next/static/development/pages/index.js.map 200 3 ms
[2019-05-08T21:53:28.691] [INFO] default - GET /_next/static/runtime/main.js.map 200 5 ms
[2019-05-08T21:53:28.709] [INFO] default - GET /_next/static/chunks/0.js 200 1 ms
[2019-05-08T21:53:28.759] [INFO] default - GET /_next/static/chunks/0.js.map 200 1 ms
[2019-05-08T21:53:28.761] [INFO] default - GET /_next/static/development/pages/_app.js.map 200 9 ms
[2019-05-08T21:53:30.465] [INFO] default - GET / 200 109 ms
[2019-05-08T21:53:30.469] [INFO] default - GET /_next/webpack-hmr 200 1716 ms
[2019-05-08T21:53:30.478] [INFO] default - GET /_next/static/runtime/webpack.js?ts=1557323610464 200 2 ms
[2019-05-08T21:53:30.482] [INFO] default - GET /_next/static/css/static/development/pages/index.js.chunk.css 304 1 ms
[2019-05-08T21:53:30.486] [INFO] default - GET /_next/static/development/pages/index.js?ts=1557323610464 200 11 ms
[2019-05-08T21:53:30.486] [INFO] default - GET /_next/static/development/pages/_app.js?ts=1557323610464 200 11 ms
[2019-05-08T21:53:30.492] [INFO] default - GET /_next/static/runtime/main.js?ts=1557323610464 200 15 ms
[2019-05-08T21:53:30.495] [INFO] default - GET /_next/static/development/dll/dll_aa8f31c0c93a8f34edc5.js?ts=1557323610464 200 15 ms
[2019-05-08T21:53:30.504] [INFO] default - GET /_next/static/css/static/development/pages/index.js.chunk.css.map 304 1 ms
[2019-05-08T21:53:30.518] [INFO] default - GET /_next/static/runtime/webpack.js.map 200 1 ms
[2019-05-08T21:53:30.537] [INFO] default - GET /_next/static/development/pages/index.js.map 200 3 ms
[2019-05-08T21:53:30.586] [INFO] default - GET /_next/static/runtime/main.js.map 200 5 ms
[2019-05-08T21:53:30.600] [INFO] default - GET /_next/static/chunks/0.js 200 1 ms
[2019-05-08T21:53:30.650] [INFO] default - GET /_next/static/development/pages/_app.js.map 200 9 ms
[2019-05-08T21:53:30.651] [INFO] default - GET /_next/static/chunks/0.js.map 200 1 ms
[2019-05-08T21:53:31.640] [INFO] default - GET /about 200 4 ms
[2019-05-08T21:53:31.644] [INFO] default - GET /_next/webpack-hmr 200 1000 ms
[2019-05-08T21:53:31.651] [INFO] default - GET /_next/static/development/pages/about.js?ts=1557323611639 200 2 ms
[2019-05-08T21:53:31.651] [INFO] default - GET /_next/static/runtime/webpack.js?ts=1557323611639 200 1 ms
[2019-05-08T21:53:31.656] [INFO] default - GET /_next/static/css/static/development/pages/about.js.chunk.css 200 3 ms
[2019-05-08T21:53:31.663] [INFO] default - GET /_next/static/development/pages/_app.js?ts=1557323611639 200 14 ms
[2019-05-08T21:53:31.665] [INFO] default - GET /_next/static/runtime/main.js?ts=1557323611639 200 12 ms
[2019-05-08T21:53:31.666] [INFO] default - GET /_next/static/development/dll/dll_aa8f31c0c93a8f34edc5.js?ts=1557323611639 200 13 ms
[2019-05-08T21:53:31.689] [INFO] default - GET /_next/static/css/static/development/pages/about.js.chunk.css.map 200 1 ms
[2019-05-08T21:53:31.693] [INFO] default - GET /_next/static/runtime/webpack.js.map 200 2 ms
[2019-05-08T21:53:31.694] [INFO] default - GET /_next/static/development/pages/about.js.map 200 3 ms
[2019-05-08T21:53:31.743] [INFO] default - GET /_next/static/runtime/main.js.map 200 5 ms
[2019-05-08T21:53:31.759] [INFO] default - GET /_next/static/chunks/0.js 200 0 ms
[2019-05-08T21:53:31.800] [INFO] default - GET /_next/static/development/pages/_app.js.map 200 3 ms
[2019-05-08T21:53:31.809] [INFO] default - GET /_next/static/chunks/0.js.map 200 1 ms
[2019-05-08T21:53:32.781] [INFO] default - GET /about 200 2 ms
[2019-05-08T21:53:32.785] [INFO] default - GET /_next/webpack-hmr 200 1025 ms
[2019-05-08T21:53:32.794] [INFO] default - GET /_next/static/runtime/webpack.js?ts=1557323612780 200 1 ms
[2019-05-08T21:53:32.795] [INFO] default - GET /_next/static/development/pages/about.js?ts=1557323612780 200 3 ms
[2019-05-08T21:53:32.797] [INFO] default - GET /_next/static/css/static/development/pages/about.js.chunk.css 304 1 ms
[2019-05-08T21:53:32.802] [INFO] default - GET /_next/static/development/pages/_app.js?ts=1557323612780 200 10 ms
[2019-05-08T21:53:32.806] [INFO] default - GET /_next/static/runtime/main.js?ts=1557323612780 200 10 ms
[2019-05-08T21:53:32.807] [INFO] default - GET /_next/static/development/dll/dll_aa8f31c0c93a8f34edc5.js?ts=1557323612780 200 10 ms
[2019-05-08T21:53:32.813] [INFO] default - GET /_next/static/css/static/development/pages/about.js.chunk.css.map 304 0 ms
[2019-05-08T21:53:32.839] [INFO] default - GET /_next/static/development/pages/about.js.map 200 2 ms
[2019-05-08T21:53:32.840] [INFO] default - GET /_next/static/runtime/webpack.js.map 200 3 ms
[2019-05-08T21:53:32.893] [INFO] default - GET /_next/static/runtime/main.js.map 200 6 ms
[2019-05-08T21:53:32.902] [INFO] default - GET /_next/static/chunks/0.js 200 1 ms
[2019-05-08T21:53:32.946] [INFO] default - GET /_next/static/development/pages/_app.js.map 200 4 ms
[2019-05-08T21:53:32.956] [INFO] default - GET /_next/static/chunks/0.js.map 200 1 ms
[2019-05-08T21:53:33.551] [INFO] default - GET / 200 90 ms
[2019-05-08T21:53:33.556] [INFO] default - GET /_next/webpack-hmr 200 653 ms
[2019-05-08T21:53:33.563] [INFO] default - GET /_next/static/runtime/webpack.js?ts=1557323613551 200 1 ms
[2019-05-08T21:53:33.567] [INFO] default - GET /_next/static/development/pages/index.js?ts=1557323613551 200 6 ms
[2019-05-08T21:53:33.569] [INFO] default - GET /_next/static/development/pages/_app.js?ts=1557323613551 200 8 ms
[2019-05-08T21:53:33.574] [INFO] default - GET /_next/static/runtime/main.js?ts=1557323613551 200 10 ms
[2019-05-08T21:53:33.576] [INFO] default - GET /_next/static/development/dll/dll_aa8f31c0c93a8f34edc5.js?ts=1557323613551 200 11 ms
[2019-05-08T21:53:33.589] [INFO] default - GET /_next/static/css/static/development/pages/index.js.chunk.css.map 304 1 ms
[2019-05-08T21:53:33.601] [INFO] default - GET /_next/static/runtime/webpack.js.map 200 1 ms
[2019-05-08T21:53:33.628] [INFO] default - GET /_next/static/development/pages/index.js.map 200 8 ms
[2019-05-08T21:53:33.667] [INFO] default - GET /_next/static/runtime/main.js.map 200 3 ms
[2019-05-08T21:53:33.723] [INFO] default - GET /_next/static/development/pages/_app.js.map 200 4 ms
[2019-05-08T21:53:33.733] [INFO] default - GET /_next/static/chunks/0.js.map 200 1 ms
[2019-05-08T21:53:48.447] [INFO] default - GET /_next/static/webpack/8279cd2d5ba8a9235950.hot-update.json 200 9 ms
[2019-05-08T21:53:48.451] [INFO] default - GET /_next/static/webpack/static/development/pages/_app.js.8279cd2d5ba8a9235950.hot-update.js 200 1 ms
[2019-05-08T21:53:48.460] [INFO] default - GET /_next/static/webpack/static/development/pages/_app.js.8279cd2d5ba8a9235950.hot-update.js.map 200 1 ms
[2019-05-08T21:53:52.050] [INFO] default - GET / 200 105 ms
[2019-05-08T21:53:52.054] [INFO] default - GET /_next/webpack-hmr 200 18330 ms
[2019-05-08T21:53:52.066] [INFO] default - GET /_next/static/runtime/webpack.js?ts=1557323632048 200 2 ms
[2019-05-08T21:53:52.070] [INFO] default - GET /_next/static/development/pages/index.js?ts=1557323632048 200 9 ms
[2019-05-08T21:53:52.070] [INFO] default - GET /_next/static/css/static/development/pages/index.js.chunk.css 200 2 ms
[2019-05-08T21:53:52.075] [INFO] default - GET /_next/static/development/pages/_app.js?ts=1557323632048 200 12 ms
[2019-05-08T21:53:52.077] [INFO] default - GET /_next/static/runtime/main.js?ts=1557323632048 200 13 ms
[2019-05-08T21:53:52.079] [INFO] default - GET /_next/static/development/dll/dll_aa8f31c0c93a8f34edc5.js?ts=1557323632048 200 10 ms
[2019-05-08T21:53:52.094] [INFO] default - GET /_next/static/css/static/development/pages/index.js.chunk.css.map 200 0 ms
[2019-05-08T21:53:52.114] [INFO] default - GET /_next/static/runtime/webpack.js.map 200 1 ms
[2019-05-08T21:53:52.133] [INFO] default - GET /_next/static/development/pages/index.js.map 200 3 ms
[2019-05-08T21:53:52.177] [INFO] default - GET /_next/static/runtime/main.js.map 200 5 ms
[2019-05-08T21:53:52.194] [INFO] default - GET /_next/static/chunks/0.js 200 0 ms
[2019-05-08T21:53:52.227] [INFO] default - GET /_next/static/development/pages/_app.js.map 200 5 ms
[2019-05-08T21:53:52.246] [INFO] default - GET /_next/static/chunks/0.js.map 200 1 ms
[2019-05-08T21:54:19.302] [INFO] default - GET /_next/static/webpack/02c27db39a0462a0d3f1.hot-update.json 200 17 ms
[2019-05-08T21:54:19.307] [INFO] default - GET /_next/static/webpack/static/development/pages/_app.js.02c27db39a0462a0d3f1.hot-update.js 200 1 ms
[2019-05-08T21:54:19.318] [INFO] default - GET /_next/static/webpack/static/development/pages/_app.js.02c27db39a0462a0d3f1.hot-update.js.map 200 1 ms
[2019-05-08T21:54:27.680] [INFO] default - GET / 200 152 ms
[2019-05-08T21:54:27.684] [INFO] default - GET /_next/webpack-hmr 200 35443 ms
[2019-05-08T21:54:27.698] [INFO] default - GET /_next/static/runtime/webpack.js?ts=1557323667677 200 3 ms
[2019-05-08T21:54:27.699] [INFO] default - GET /_next/static/css/static/development/pages/index.js.chunk.css 200 3 ms
[2019-05-08T21:54:27.702] [INFO] default - GET /_next/static/development/pages/index.js?ts=1557323667677 200 13 ms
[2019-05-08T21:54:27.710] [INFO] default - GET /_next/static/development/pages/_app.js?ts=1557323667677 200 16 ms
[2019-05-08T21:54:27.711] [INFO] default - GET /_next/static/runtime/main.js?ts=1557323667677 200 17 ms
[2019-05-08T21:54:27.713] [INFO] default - GET /_next/static/development/dll/dll_aa8f31c0c93a8f34edc5.js?ts=1557323667677 200 17 ms
[2019-05-08T21:54:27.730] [INFO] default - GET /_next/static/css/static/development/pages/index.js.chunk.css.map 200 1 ms
[2019-05-08T21:54:27.737] [INFO] default - GET /_next/static/runtime/webpack.js.map 200 1 ms
[2019-05-08T21:54:27.760] [INFO] default - GET /_next/static/development/pages/index.js.map 200 6 ms
[2019-05-08T21:54:27.803] [INFO] default - GET /_next/static/runtime/main.js.map 200 4 ms
[2019-05-08T21:54:27.818] [INFO] default - GET /_next/static/chunks/0.js 200 1 ms
[2019-05-08T21:54:27.878] [INFO] default - GET /_next/static/development/pages/_app.js.map 200 14 ms
[2019-05-08T21:54:27.894] [INFO] default - GET /_next/static/chunks/0.js.map 200 0 ms
[2019-05-08T21:54:29.311] [INFO] default - GET / 200 119 ms
[2019-05-08T21:54:29.315] [INFO] default - GET /_next/webpack-hmr 200 1448 ms
[2019-05-08T21:54:29.326] [INFO] default - GET /_next/static/runtime/webpack.js?ts=1557323669310 200 5 ms
[2019-05-08T21:54:29.327] [INFO] default - GET /_next/static/css/static/development/pages/index.js.chunk.css 304 2 ms
[2019-05-08T21:54:29.336] [INFO] default - GET /_next/static/development/pages/_app.js?ts=1557323669310 200 16 ms
[2019-05-08T21:54:29.337] [INFO] default - GET /_next/static/development/pages/index.js?ts=1557323669310 200 17 ms
[2019-05-08T21:54:29.338] [INFO] default - GET /_next/static/runtime/main.js?ts=1557323669310 200 15 ms
[2019-05-08T21:54:29.344] [INFO] default - GET /_next/static/development/dll/dll_aa8f31c0c93a8f34edc5.js?ts=1557323669310 200 17 ms
[2019-05-08T21:54:29.349] [INFO] default - GET /_next/static/css/static/development/pages/index.js.chunk.css.map 304 1 ms
[2019-05-08T21:54:29.368] [INFO] default - GET /_next/static/runtime/webpack.js.map 200 1 ms
[2019-05-08T21:54:29.387] [INFO] default - GET /_next/static/development/pages/index.js.map 200 3 ms
[2019-05-08T21:54:29.432] [INFO] default - GET /_next/static/runtime/main.js.map 200 4 ms
[2019-05-08T21:54:29.445] [INFO] default - GET /_next/static/chunks/0.js 200 1 ms
[2019-05-08T21:54:29.490] [INFO] default - GET /_next/static/development/pages/_app.js.map 200 6 ms
[2019-05-08T21:54:29.502] [INFO] default - GET /_next/static/chunks/0.js.map 200 1 ms
[2019-05-08T21:54:30.512] [INFO] default - GET /about 200 4 ms
[2019-05-08T21:54:30.515] [INFO] default - GET /_next/webpack-hmr 200 1023 ms
[2019-05-08T21:54:30.528] [INFO] default - GET /_next/static/development/pages/about.js?ts=1557323670511 200 7 ms
[2019-05-08T21:54:30.529] [INFO] default - GET /_next/static/runtime/webpack.js?ts=1557323670511 200 5 ms
[2019-05-08T21:54:30.530] [INFO] default - GET /_next/static/css/static/development/pages/about.js.chunk.css 200 3 ms
[2019-05-08T21:54:30.534] [INFO] default - GET /_next/static/development/pages/_app.js?ts=1557323670511 200 13 ms
[2019-05-08T21:54:30.537] [INFO] default - GET /_next/static/runtime/main.js?ts=1557323670511 200 10 ms
[2019-05-08T21:54:30.538] [INFO] default - GET /_next/static/development/dll/dll_aa8f31c0c93a8f34edc5.js?ts=1557323670511 200 12 ms
[2019-05-08T21:54:30.548] [INFO] default - GET /_next/static/css/static/development/pages/about.js.chunk.css.map 200 1 ms
[2019-05-08T21:54:30.562] [INFO] default - GET /_next/static/development/pages/about.js.map 200 1 ms
[2019-05-08T21:54:30.563] [INFO] default - GET /_next/static/runtime/webpack.js.map 200 1 ms
[2019-05-08T21:54:30.627] [INFO] default - GET /_next/static/runtime/main.js.map 200 5 ms
[2019-05-08T21:54:30.637] [INFO] default - GET /_next/static/chunks/0.js 200 1 ms
[2019-05-08T21:54:30.686] [INFO] default - GET /_next/static/development/pages/_app.js.map 200 3 ms
[2019-05-08T21:54:30.687] [INFO] default - GET /_next/static/chunks/0.js.map 200 1 ms
[2019-05-08T21:54:31.366] [INFO] default - GET /about 200 2 ms
[2019-05-08T21:54:31.370] [INFO] default - GET /_next/webpack-hmr 200 732 ms
[2019-05-08T21:54:31.378] [INFO] default - GET /_next/static/development/pages/about.js?ts=1557323671365 200 3 ms
[2019-05-08T21:54:31.380] [INFO] default - GET /_next/static/runtime/webpack.js?ts=1557323671365 200 3 ms
[2019-05-08T21:54:31.380] [INFO] default - GET /_next/static/css/static/development/pages/about.js.chunk.css 304 1 ms
[2019-05-08T21:54:31.384] [INFO] default - GET /_next/static/development/pages/_app.js?ts=1557323671365 200 8 ms
[2019-05-08T21:54:31.386] [INFO] default - GET /_next/static/runtime/main.js?ts=1557323671365 200 7 ms
[2019-05-08T21:54:31.387] [INFO] default - GET /_next/static/development/dll/dll_aa8f31c0c93a8f34edc5.js?ts=1557323671365 200 7 ms
[2019-05-08T21:54:31.403] [INFO] default - GET /_next/static/css/static/development/pages/about.js.chunk.css.map 304 1 ms
[2019-05-08T21:54:31.412] [INFO] default - GET /_next/static/development/pages/about.js.map 200 2 ms
[2019-05-08T21:54:31.413] [INFO] default - GET /_next/static/runtime/webpack.js.map 200 1 ms
[2019-05-08T21:54:31.462] [INFO] default - GET /_next/static/runtime/main.js.map 200 3 ms
[2019-05-08T21:54:31.471] [INFO] default - GET /_next/static/chunks/0.js 200 1 ms
[2019-05-08T21:54:31.527] [INFO] default - GET /_next/static/development/pages/_app.js.map 200 7 ms
[2019-05-08T21:54:31.534] [INFO] default - GET /_next/static/chunks/0.js.map 200 1 ms
[2019-05-08T21:54:32.098] [INFO] default - GET / 200 111 ms
[2019-05-08T21:54:32.126] [INFO] default - GET /_next/webpack-hmr 200 653 ms
[2019-05-08T21:54:32.134] [INFO] default - GET /_next/static/runtime/webpack.js?ts=1557323672096 200 1 ms
[2019-05-08T21:54:32.142] [INFO] default - GET /_next/static/development/pages/index.js?ts=1557323672096 200 10 ms
[2019-05-08T21:54:32.145] [INFO] default - GET /_next/static/development/pages/_app.js?ts=1557323672096 200 12 ms
[2019-05-08T21:54:32.151] [INFO] default - GET /_next/static/runtime/main.js?ts=1557323672096 200 12 ms
[2019-05-08T21:54:32.154] [INFO] default - GET /_next/static/development/dll/dll_aa8f31c0c93a8f34edc5.js?ts=1557323672096 200 14 ms
[2019-05-08T21:54:32.157] [INFO] default - GET /_next/static/css/static/development/pages/index.js.chunk.css.map 304 2 ms
[2019-05-08T21:54:32.179] [INFO] default - GET /_next/static/runtime/webpack.js.map 200 1 ms
[2019-05-08T21:54:32.197] [INFO] default - GET /_next/static/development/pages/index.js.map 200 3 ms
[2019-05-08T21:54:32.239] [INFO] default - GET /_next/static/runtime/main.js.map 200 4 ms
[2019-05-08T21:54:32.253] [INFO] default - GET /_next/static/chunks/0.js 200 1 ms
[2019-05-08T21:54:32.310] [INFO] default - GET /_next/static/development/pages/_app.js.map 200 11 ms
[2019-05-08T21:54:32.329] [INFO] default - GET /_next/static/chunks/0.js.map 200 0 ms
[2019-05-08T21:54:33.350] [INFO] default - GET /about 200 2 ms
[2019-05-08T21:54:33.354] [INFO] default - GET /_next/webpack-hmr 200 1052 ms
[2019-05-08T21:54:33.364] [INFO] default - GET /_next/static/runtime/webpack.js?ts=1557323673349 200 1 ms
[2019-05-08T21:54:33.365] [INFO] default - GET /_next/static/development/pages/about.js?ts=1557323673349 200 3 ms
[2019-05-08T21:54:33.367] [INFO] default - GET /_next/static/css/static/development/pages/about.js.chunk.css 304 1 ms
[2019-05-08T21:54:33.372] [INFO] default - GET /_next/static/development/pages/_app.js?ts=1557323673349 200 10 ms
[2019-05-08T21:54:33.377] [INFO] default - GET /_next/static/runtime/main.js?ts=1557323673349 200 10 ms
[2019-05-08T21:54:33.378] [INFO] default - GET /_next/static/development/dll/dll_aa8f31c0c93a8f34edc5.js?ts=1557323673349 200 11 ms
[2019-05-08T21:54:33.384] [INFO] default - GET /_next/static/css/static/development/pages/about.js.chunk.css.map 304 0 ms
[2019-05-08T21:54:33.399] [INFO] default - GET /_next/static/development/pages/about.js.map 200 2 ms
[2019-05-08T21:54:33.399] [INFO] default - GET /_next/static/runtime/webpack.js.map 200 1 ms
[2019-05-08T21:54:33.450] [INFO] default - GET /_next/static/runtime/main.js.map 200 4 ms
[2019-05-08T21:54:33.460] [INFO] default - GET /_next/static/chunks/0.js 200 1 ms
[2019-05-08T21:54:33.505] [INFO] default - GET /_next/static/development/pages/_app.js.map 200 4 ms
[2019-05-08T21:54:33.519] [INFO] default - GET /_next/static/chunks/0.js.map 200 1 ms
[2019-05-08T21:54:34.758] [INFO] default - GET / 200 112 ms
[2019-05-08T21:54:34.763] [INFO] default - GET /_next/webpack-hmr 200 1302 ms
[2019-05-08T21:54:34.770] [INFO] default - GET /_next/static/runtime/webpack.js?ts=1557323674757 200 1 ms
[2019-05-08T21:54:34.779] [INFO] default - GET /_next/static/development/pages/index.js?ts=1557323674757 200 11 ms
[2019-05-08T21:54:34.780] [INFO] default - GET /_next/static/development/pages/_app.js?ts=1557323674757 200 12 ms
[2019-05-08T21:54:34.783] [INFO] default - GET /_next/static/runtime/main.js?ts=1557323674757 200 12 ms
[2019-05-08T21:54:34.784] [INFO] default - GET /_next/static/development/dll/dll_aa8f31c0c93a8f34edc5.js?ts=1557323674757 200 10 ms
[2019-05-08T21:54:34.796] [INFO] default - GET /_next/static/css/static/development/pages/index.js.chunk.css.map 304 0 ms
[2019-05-08T21:54:34.813] [INFO] default - GET /_next/static/runtime/webpack.js.map 200 1 ms
[2019-05-08T21:54:34.830] [INFO] default - GET /_next/static/development/pages/index.js.map 200 2 ms
[2019-05-08T21:54:34.871] [INFO] default - GET /_next/static/runtime/main.js.map 200 4 ms
[2019-05-08T21:54:34.884] [INFO] default - GET /_next/static/chunks/0.js 200 1 ms
[2019-05-08T21:54:34.933] [INFO] default - GET /_next/static/development/pages/_app.js.map 200 7 ms
[2019-05-08T21:54:34.970] [INFO] default - GET /_next/static/chunks/0.js.map 200 0 ms
[2019-05-08T21:54:54.782] [INFO] default - GET / 200 1433 ms
[2019-05-08T21:54:54.896] [INFO] default - GET / 200 109 ms
[2019-05-08T21:54:54.913] [INFO] default - GET /_next/static/css/static/development/pages/index.js.chunk.css 200 3 ms
[2019-05-08T21:54:54.914] [INFO] default - GET /_next/static/runtime/webpack.js?ts=1557323694895 200 4 ms
[2019-05-08T21:54:54.919] [INFO] default - GET /_next/static/development/pages/index.js?ts=1557323694895 200 14 ms
[2019-05-08T21:54:54.922] [INFO] default - GET /_next/static/development/pages/_app.js?ts=1557323694895 200 12 ms
[2019-05-08T21:54:54.924] [INFO] default - GET /_next/static/runtime/main.js?ts=1557323694895 200 15 ms
[2019-05-08T21:54:54.925] [INFO] default - GET /_next/static/development/dll/dll_aa8f31c0c93a8f34edc5.js?ts=1557323694895 200 14 ms
[2019-05-08T21:54:54.953] [INFO] default - GET /_next/static/css/static/development/pages/index.js.chunk.css.map 200 1 ms
[2019-05-08T21:54:54.961] [INFO] default - GET /_next/static/runtime/webpack.js.map 200 1 ms
[2019-05-08T21:54:54.975] [INFO] default - GET /_next/static/development/pages/index.js.map 200 9 ms
[2019-05-08T21:54:55.014] [INFO] default - GET /_next/static/runtime/main.js.map 200 3 ms
[2019-05-08T21:54:55.031] [INFO] default - GET /_next/static/chunks/0.js 200 1 ms
[2019-05-08T21:54:55.084] [INFO] default - GET /_next/static/chunks/0.js.map 200 1 ms
[2019-05-08T21:54:55.086] [INFO] default - GET /_next/static/development/pages/_app.js.map 200 8 ms
[2019-05-08T21:54:57.331] [INFO] default - GET / 200 95 ms
[2019-05-08T21:54:57.340] [INFO] default - GET /_next/webpack-hmr 200 2262 ms
[2019-05-08T21:54:57.360] [INFO] default - GET /_next/static/css/static/development/pages/index.js.chunk.css 304 6 ms
[2019-05-08T21:54:57.361] [INFO] default - GET /_next/static/runtime/webpack.js?ts=1557323697329 200 9 ms
[2019-05-08T21:54:57.362] [INFO] default - GET /_next/static/development/pages/index.js?ts=1557323697329 200 14 ms
[2019-05-08T21:54:57.363] [INFO] default - GET /_next/static/development/pages/_app.js?ts=1557323697329 200 14 ms
[2019-05-08T21:54:57.368] [INFO] default - GET /_next/static/runtime/main.js?ts=1557323697329 200 15 ms
[2019-05-08T21:54:57.369] [INFO] default - GET /_next/static/development/dll/dll_aa8f31c0c93a8f34edc5.js?ts=1557323697329 200 14 ms
[2019-05-08T21:54:57.383] [INFO] default - GET /_next/static/css/static/development/pages/index.js.chunk.css.map 304 1 ms
[2019-05-08T21:54:57.401] [INFO] default - GET /_next/static/runtime/webpack.js.map 200 1 ms
[2019-05-08T21:54:57.420] [INFO] default - GET /_next/static/development/pages/index.js.map 200 3 ms
[2019-05-08T21:54:57.465] [INFO] default - GET /_next/static/runtime/main.js.map 200 5 ms
[2019-05-08T21:54:57.479] [INFO] default - GET /_next/static/chunks/0.js 200 1 ms
[2019-05-08T21:54:57.527] [INFO] default - GET /_next/static/development/pages/_app.js.map 200 10 ms
[2019-05-08T21:54:57.527] [INFO] default - GET /_next/static/chunks/0.js.map 200 1 ms
[2019-05-08T21:54:58.444] [INFO] default - GET / 200 116 ms
[2019-05-08T21:54:58.448] [INFO] default - GET /_next/webpack-hmr 200 929 ms
[2019-05-08T21:54:58.457] [INFO] default - GET /_next/static/runtime/webpack.js?ts=1557323698440 200 2 ms
[2019-05-08T21:54:58.461] [INFO] default - GET /_next/static/development/pages/index.js?ts=1557323698440 200 7 ms
[2019-05-08T21:54:58.463] [INFO] default - GET /_next/static/development/pages/_app.js?ts=1557323698440 200 9 ms
[2019-05-08T21:54:58.465] [INFO] default - GET /_next/static/css/static/development/pages/index.js.chunk.css 304 1 ms
[2019-05-08T21:54:58.470] [INFO] default - GET /_next/static/runtime/main.js?ts=1557323698440 200 5 ms
[2019-05-08T21:54:58.471] [INFO] default - GET /_next/static/development/dll/dll_aa8f31c0c93a8f34edc5.js?ts=1557323698440 200 6 ms
[2019-05-08T21:54:58.482] [INFO] default - GET /_next/static/css/static/development/pages/index.js.chunk.css.map 304 1 ms
[2019-05-08T21:54:58.502] [INFO] default - GET /_next/static/runtime/webpack.js.map 200 0 ms
[2019-05-08T21:54:58.523] [INFO] default - GET /_next/static/development/pages/index.js.map 200 3 ms
[2019-05-08T21:54:58.539] [INFO] default - GET /_next/static/development/pages/_app.js.map 200 4 ms
[2019-05-08T21:54:58.579] [INFO] default - GET /_next/static/runtime/main.js.map 200 3 ms
[2019-05-08T21:54:58.603] [INFO] default - GET /_next/static/chunks/0.js 200 0 ms
[2019-05-08T21:54:58.634] [INFO] default - GET /_next/static/chunks/0.js.map 200 0 ms
[2019-05-08T21:54:59.581] [INFO] default - GET /about 200 560 ms
[2019-05-08T21:54:59.582] [INFO] default - GET /_next/static/webpack/48c5456e45f71775a519.hot-update.json 200 108 ms
[2019-05-08T21:54:59.625] [INFO] default - GET /_next/webpack-hmr 200 995 ms
[2019-05-08T21:54:59.634] [INFO] default - GET /_next/static/runtime/webpack.js?ts=1557323699580 200 3 ms
[2019-05-08T21:54:59.635] [INFO] default - GET /_next/static/development/pages/about.js?ts=1557323699580 200 6 ms
[2019-05-08T21:54:59.636] [INFO] default - GET /_next/static/css/static/development/pages/about.js.chunk.css 200 3 ms
[2019-05-08T21:54:59.645] [INFO] default - GET /_next/static/development/pages/_app.js?ts=1557323699580 200 15 ms
[2019-05-08T21:54:59.648] [INFO] default - GET /_next/static/runtime/main.js?ts=1557323699580 200 16 ms
[2019-05-08T21:54:59.649] [INFO] default - GET /_next/static/development/dll/dll_aa8f31c0c93a8f34edc5.js?ts=1557323699580 200 16 ms
[2019-05-08T21:54:59.662] [INFO] default - GET /_next/static/css/static/development/pages/about.js.chunk.css.map 200 1 ms
[2019-05-08T21:54:59.681] [INFO] default - GET /_next/static/runtime/webpack.js.map 200 3 ms
[2019-05-08T21:54:59.681] [INFO] default - GET /_next/static/development/pages/about.js.map 200 4 ms
[2019-05-08T21:54:59.726] [INFO] default - GET /_next/static/runtime/main.js.map 200 5 ms
[2019-05-08T21:54:59.734] [INFO] default - GET /_next/static/chunks/0.js 200 1 ms
[2019-05-08T21:54:59.775] [INFO] default - GET /_next/static/development/pages/_app.js.map 200 4 ms
[2019-05-08T21:54:59.790] [INFO] default - GET /_next/static/chunks/0.js.map 200 3 ms
